# -*-compilation-*-
Changing working directory to `D:/Documents and Settings/nbibb/My Documents/personal/music_notes/lilypond/PianoStudy3'
Processing `D:/Documents and Settings/nbibb/My Documents/personal/music_notes/lilypond/PianoStudy3/PianoStudy3_v1.2.ly'
Parsing...
D:/Documents and Settings/nbibb/My Documents/personal/music_notes/lilypond/PianoStudy3/PianoStudy3_v1.2_include.ly:2:0: error: syntax error, unexpected NOTENAME_PITCH

b.AXl = { r4	ds'4	a4.	}
D:/Documents and Settings/nbibb/My Documents/personal/music_notes/lilypond/PianoStudy3/PianoStudy3_v1.2.ly:17:8: error: unknown escaped string: `\b'
        
        \b.AXl \C
D:/Documents and Settings/nbibb/My Documents/personal/music_notes/lilypond/PianoStudy3/PianoStudy3_v1.2.ly:17:8: error: syntax error, unexpected STRING
        
        \b.AXl \C
D:/Documents and Settings/nbibb/My Documents/personal/music_notes/lilypond/PianoStudy3/PianoStudy3_v1.2.ly:18:8: error: unknown escaped string: `\bAXlf'
        
        \bAXlf  \C
D:/Documents and Settings/nbibb/My Documents/personal/music_notes/lilypond/PianoStudy3/PianoStudy3_v1.2.ly:19:8: error: unknown escaped string: `\b'
        
        \b.AXl \C
D:/Documents and Settings/nbibb/My Documents/personal/music_notes/lilypond/PianoStudy3/PianoStudy3_v1.2.ly:39:8: error: errors found, ignoring music expression
        
        \new GrandStaff <<
D:/Documents and Settings/nbibb/My Documents/personal/music_notes/lilypond/PianoStudy3/PianoStudy3_v1.2.ly:45:16: error: syntax error, unexpected \tempo
        \midi { 
                \tempo 8=63 }
error: failed files: "D:\\Documents and Settings\\nbibb\\My Documents\\personal\\music_notes\\lilypond\\PianoStudy3\\PianoStudy3_v1.2.ly"
