# -*-compilation-*-
Changing working directory to `D:/Documents and Settings/nbibb/My Documents/personal/music_notes/lilypond'
Processing `D:/Documents and Settings/nbibb/My Documents/personal/music_notes/lilypond/PianoTemplate.ly'
Parsing...
error: Incorrect lilypond version: 2.3.22 (2.7.38, 2.10.33)
error: Consider updating the input with the convert-ly script
D:/Documents and Settings/nbibb/My Documents/personal/music_notes/lilypond/PianoTemplate.ly:40:11: error: syntax error, unexpected \tempo
   \midi { 
           \tempo 4=60 }
Interpreting music... 
warning: can't find property type-check for `instrument' (translation-type?).  perhaps a typing error?
warning: doing assignment anyway
[1]
Preprocessing graphical objects...
Interpreting music... 
warning: can't find property type-check for `instrument' (translation-type?).  perhaps a typing error?
warning: doing assignment anyway
MIDI output to `PianoTemplate.midi'...
Layout output to `PianoTemplate.ps'...
Converting to `PianoTemplate.pdf'...
error: failed files: "D:\\Documents and Settings\\nbibb\\My Documents\\personal\\music_notes\\lilypond\\PianoTemplate.ly"
