# -*-compilation-*-
Changing working directory to `D:/Documents and Settings/nbibb/My Documents/personal/music_notes/lilypond'
Processing `D:/Documents and Settings/nbibb/My Documents/personal/music_notes/lilypond/PianoStudy1.ly'
Parsing...
error: Incorrect lilypond version: 2.3.22 (2.7.38, 2.10.33)
error: Consider updating the input with the convert-ly script
D:/Documents and Settings/nbibb/My Documents/personal/music_notes/lilypond/PianoStudy1.ly:50:11: error: syntax error, unexpected \tempo
   \midi { 
           \tempo 4=60 }
Interpreting music... 
warning: can't find property type-check for `instrument' (translation-type?).  perhaps a typing error?
warning: doing assignment anyway
[3]
Preprocessing graphical objects...
Interpreting music... 
warning: can't find property type-check for `instrument' (translation-type?).  perhaps a typing error?
warning: doing assignment anyway
MIDI output to `PianoStudy1.midi'...
Layout output to `PianoStudy1.ps'...
Converting to `PianoStudy1.pdf'...
error: failed files: "D:\\Documents and Settings\\nbibb\\My Documents\\personal\\music_notes\\lilypond\\PianoStudy1.ly"
