# -*-compilation-*-
Changing working directory to `D:/Documents and Settings/nbibb/My Documents/personal/music_notes/lilypond/Mutopia files/Mussorgsky_Exhibition'
Processing `D:/Documents and Settings/nbibb/My Documents/personal/music_notes/lilypond/Mutopia files/Mussorgsky_Exhibition/promenade.ly'
Parsing...
error: Incorrect lilypond version: 2.2.0 (2.7.38, 2.10.33)
error: Consider updating the input with the convert-ly script
D:/Documents and Settings/nbibb/My Documents/personal/music_notes/lilypond/Mutopia files/Mussorgsky_Exhibition/promenade.ly:25:1: error: unknown escaped string: `\notes'
 
 \notes {
D:/Documents and Settings/nbibb/My Documents/personal/music_notes/lilypond/Mutopia files/Mussorgsky_Exhibition/promenade.ly:25:1: error: syntax error, unexpected STRING
 
 \notes {
D:/Documents and Settings/nbibb/My Documents/personal/music_notes/lilypond/Mutopia files/Mussorgsky_Exhibition/promenade.ly:185:9: error: syntax error, unexpected \tempo
 \midi { 
         \tempo 4 = 86 }
Interpreting music... 
warning: can't find property type-check for `y-free' (backend-type?).  perhaps a typing error?
warning: doing assignment anyway
warning: can't find property type-check for `attachment' (backend-type?).  perhaps a typing error?
warning: doing assignment anyway
warning: can't find property type-check for `y-free' (backend-type?).  perhaps a typing error?
warning: doing assignment anyway
warning: can't find property type-check for `y-free' (backend-type?).  perhaps a typing error?
warning: doing assignment anyway
warning: can't find property type-check for `y-free' (backend-type?).  perhaps a typing error?
warning: doing assignment anyway
warning: can't find property type-check for `attachment' (backend-type?).  perhaps a typing error?
warning: doing assignment anyway
warning: can't find property type-check for `y-free' (backend-type?).  perhaps a typing error?
warning: doing assignment anyway
warning: can't find property type-check for `y-free' (backend-type?).  perhaps a typing error?
warning: doing assignment anyway
warning: can't find property type-check for `attachment' (backend-type?).  perhaps a typing error?
warning: doing assignment anyway
[8]
warning: can't find property type-check for `y-offset' (backend-type?).  perhaps a typing error?
warning: doing assignment anyway
[16][24]
Preprocessing graphical objects...
Layout output to `promenade.ps'...
Converting to `promenade.pdf'...
error: failed files: "D:\\Documents and Settings\\nbibb\\My Documents\\personal\\music_notes\\lilypond\\Mutopia files\\Mussorgsky_Exhibition\\promenade.ly"
